<?xml version="1.0" encoding="UTF-8"?>
<testsuite xmlns:xsi="http://www.w3.org/2001/XMLSchema-instance" xsi:noNamespaceSchemaLocation="https://maven.apache.org/surefire/maven-surefire-plugin/xsd/surefire-test-report-3.0.xsd" version="3.0" name="com.compiler.delphi.DelphiTest" time="0.073" tests="1" errors="0" skipped="0" failures="0">
  <properties>
[...]
</properties>
  <testcase name="testBasicClassDeclaration" classname="com.compiler.delphi.DelphiTest" time="0.049">
    <system-out><![CDATA[Class Animal:
  public STRING name = Generic Animal
  public constructor Create

]]></system-out>
    <system-err><![CDATA[line 11:3 extraneous input ';' expecting {'BEGIN', 'FUNCTION', 'PROCEDURE', 'CLASS', 'CONSTRUCTOR'}
]]></system-err>
  </testcase>
</testsuite>