<?xml version="1.0" encoding="UTF-8"?>
<testsuite xmlns:xsi="http://www.w3.org/2001/XMLSchema-instance" xsi:noNamespaceSchemaLocation="https://maven.apache.org/surefire/maven-surefire-plugin/xsd/surefire-test-report-3.0.xsd" version="3.0" name="com.compiler.delphi.DelphiTest" time="0.1" tests="8" errors="1" skipped="0" failures="2">
  <properties>
    <property name="java.specification.version" value="23"/>
    <property name="sun.jnu.encoding" value="UTF-8"/>
    <property name="java.class.path" value="/Users/abhayshastry/Desktop/PLPProject/PascalAntlr4Grammar/target/test-classes:/Users/abhayshastry/Desktop/PLPProject/PascalAntlr4Grammar/target/classes:/Users/abhayshastry/.m2/repository/org/antlr/antlr4-runtime/4.13.1/antlr4-runtime-4.13.1.jar:/Users/abhayshastry/.m2/repository/junit/junit/4.13.2/junit-4.13.2.jar:/Users/abhayshastry/.m2/repository/org/hamcrest/hamcrest-core/1.3/hamcrest-core-1.3.jar:/Users/abhayshastry/.m2/repository/org/hamcrest/hamcrest-all/1.3/hamcrest-all-1.3.jar:"/>
    <property name="java.vm.vendor" value="Homebrew"/>
    <property name="sun.arch.data.model" value="64"/>
    <property name="java.vendor.url" value="https://github.com/Homebrew/homebrew-core/issues"/>
    <property name="os.name" value="Mac OS X"/>
    <property name="java.vm.specification.version" value="23"/>
    <property name="sun.java.launcher" value="SUN_STANDARD"/>
    <property name="user.country" value="US"/>
    <property name="sun.boot.library.path" value="/opt/homebrew/Cellar/openjdk/23.0.2/libexec/openjdk.jdk/Contents/Home/lib"/>
    <property name="sun.java.command" value="/Users/abhayshastry/Desktop/PLPProject/PascalAntlr4Grammar/target/surefire/surefirebooter-20250407125220749_3.jar /Users/abhayshastry/Desktop/PLPProject/PascalAntlr4Grammar/target/surefire 2025-04-07T12-52-20_703-jvmRun1 surefire-20250407125220749_1tmp surefire_0-20250407125220749_2tmp"/>
    <property name="http.nonProxyHosts" value="local|*.local|169.254/16|*.169.254/16"/>
    <property name="jdk.debug" value="release"/>
    <property name="surefire.test.class.path" value="/Users/abhayshastry/Desktop/PLPProject/PascalAntlr4Grammar/target/test-classes:/Users/abhayshastry/Desktop/PLPProject/PascalAntlr4Grammar/target/classes:/Users/abhayshastry/.m2/repository/org/antlr/antlr4-runtime/4.13.1/antlr4-runtime-4.13.1.jar:/Users/abhayshastry/.m2/repository/junit/junit/4.13.2/junit-4.13.2.jar:/Users/abhayshastry/.m2/repository/org/hamcrest/hamcrest-core/1.3/hamcrest-core-1.3.jar:/Users/abhayshastry/.m2/repository/org/hamcrest/hamcrest-all/1.3/hamcrest-all-1.3.jar:"/>
    <property name="sun.cpu.endian" value="little"/>
    <property name="user.home" value="/Users/abhayshastry"/>
    <property name="user.language" value="en"/>
    <property name="java.specification.vendor" value="Oracle Corporation"/>
    <property name="java.version.date" value="2025-01-21"/>
    <property name="java.home" value="/opt/homebrew/Cellar/openjdk/23.0.2/libexec/openjdk.jdk/Contents/Home"/>
    <property name="file.separator" value="/"/>
    <property name="basedir" value="/Users/abhayshastry/Desktop/PLPProject/PascalAntlr4Grammar"/>
    <property name="java.vm.compressedOopsMode" value="Zero based"/>
    <property name="line.separator" value="&#10;"/>
    <property name="java.vm.specification.vendor" value="Oracle Corporation"/>
    <property name="java.specification.name" value="Java Platform API Specification"/>
    <property name="apple.awt.application.name" value="ForkedBooter"/>
    <property name="surefire.real.class.path" value="/Users/abhayshastry/Desktop/PLPProject/PascalAntlr4Grammar/target/surefire/surefirebooter-20250407125220749_3.jar"/>
    <property name="sun.management.compiler" value="HotSpot 64-Bit Tiered Compilers"/>
    <property name="ftp.nonProxyHosts" value="local|*.local|169.254/16|*.169.254/16"/>
    <property name="java.runtime.version" value="23.0.2"/>
    <property name="user.name" value="abhayshastry"/>
    <property name="stdout.encoding" value="UTF-8"/>
    <property name="path.separator" value=":"/>
    <property name="os.version" value="15.1.1"/>
    <property name="java.runtime.name" value="OpenJDK Runtime Environment"/>
    <property name="file.encoding" value="UTF-8"/>
    <property name="java.vm.name" value="OpenJDK 64-Bit Server VM"/>
    <property name="java.vendor.version" value="Homebrew"/>
    <property name="localRepository" value="/Users/abhayshastry/.m2/repository"/>
    <property name="java.vendor.url.bug" value="https://github.com/Homebrew/homebrew-core/issues"/>
    <property name="java.io.tmpdir" value="/var/folders/02/cj9fxp8j6j9drsmtb5cjvjr40000gn/T/"/>
    <property name="java.version" value="23.0.2"/>
    <property name="user.dir" value="/Users/abhayshastry/Desktop/PLPProject/PascalAntlr4Grammar"/>
    <property name="os.arch" value="aarch64"/>
    <property name="java.vm.specification.name" value="Java Virtual Machine Specification"/>
    <property name="native.encoding" value="UTF-8"/>
    <property name="java.library.path" value="/Users/abhayshastry/Library/Java/Extensions:/Library/Java/Extensions:/Network/Library/Java/Extensions:/System/Library/Java/Extensions:/usr/lib/java:."/>
    <property name="java.vm.info" value="mixed mode, sharing"/>
    <property name="stderr.encoding" value="UTF-8"/>
    <property name="java.vendor" value="Homebrew"/>
    <property name="java.vm.version" value="23.0.2"/>
    <property name="sun.io.unicode.encoding" value="UnicodeBig"/>
    <property name="socksNonProxyHosts" value="local|*.local|169.254/16|*.169.254/16"/>
    <property name="java.class.version" value="67.0"/>
  </properties>
  <testcase name="testSimpleScope" classname="com.compiler.delphi.DelphiTest" time="0.059">
    <failure message="Output should show variable x=10 in main" type="java.lang.AssertionError"><![CDATA[java.lang.AssertionError: Output should show variable x=10 in main
	at org.junit.Assert.fail(Assert.java:89)
	at org.junit.Assert.assertTrue(Assert.java:42)
	at com.compiler.delphi.DelphiTest.testSimpleScope(DelphiTest.java:209)
	at java.base/jdk.internal.reflect.DirectMethodHandleAccessor.invoke(DirectMethodHandleAccessor.java:103)
	at java.base/java.lang.reflect.Method.invoke(Method.java:580)
	at org.junit.runners.model.FrameworkMethod$1.runReflectiveCall(FrameworkMethod.java:59)
	at org.junit.internal.runners.model.ReflectiveCallable.run(ReflectiveCallable.java:12)
	at org.junit.runners.model.FrameworkMethod.invokeExplosively(FrameworkMethod.java:56)
	at org.junit.internal.runners.statements.InvokeMethod.evaluate(InvokeMethod.java:17)
	at org.junit.internal.runners.statements.RunBefores.evaluate(RunBefores.java:26)
	at org.junit.internal.runners.statements.RunAfters.evaluate(RunAfters.java:27)
	at org.junit.runners.ParentRunner$3.evaluate(ParentRunner.java:306)
	at org.junit.runners.BlockJUnit4ClassRunner$1.evaluate(BlockJUnit4ClassRunner.java:100)
	at org.junit.runners.ParentRunner.runLeaf(ParentRunner.java:366)
	at org.junit.runners.BlockJUnit4ClassRunner.runChild(BlockJUnit4ClassRunner.java:103)
	at org.junit.runners.BlockJUnit4ClassRunner.runChild(BlockJUnit4ClassRunner.java:63)
	at org.junit.runners.ParentRunner$4.run(ParentRunner.java:331)
	at org.junit.runners.ParentRunner$1.schedule(ParentRunner.java:79)
	at org.junit.runners.ParentRunner.runChildren(ParentRunner.java:329)
	at org.junit.runners.ParentRunner.access$100(ParentRunner.java:66)
	at org.junit.runners.ParentRunner$2.evaluate(ParentRunner.java:293)
	at org.junit.runners.ParentRunner$3.evaluate(ParentRunner.java:306)
	at org.junit.runners.ParentRunner.run(ParentRunner.java:413)
	at org.apache.maven.surefire.junit4.JUnit4Provider.execute(JUnit4Provider.java:316)
	at org.apache.maven.surefire.junit4.JUnit4Provider.executeWithRerun(JUnit4Provider.java:240)
	at org.apache.maven.surefire.junit4.JUnit4Provider.executeTestSet(JUnit4Provider.java:214)
	at org.apache.maven.surefire.junit4.JUnit4Provider.invoke(JUnit4Provider.java:155)
	at org.apache.maven.surefire.booter.ForkedBooter.runSuitesInProcess(ForkedBooter.java:385)
	at org.apache.maven.surefire.booter.ForkedBooter.execute(ForkedBooter.java:162)
	at org.apache.maven.surefire.booter.ForkedBooter.run(ForkedBooter.java:507)
	at org.apache.maven.surefire.booter.ForkedBooter.main(ForkedBooter.java:495)
]]></failure>
    <system-out><![CDATA[
--- Testing simpleScope.pas ---
Output from test: 
Interpreting program: SimpleScopeTest
In main: x =  10
In OuterProc: x =  10
In OuterProc: y =  20
Back in main: x =  15.0
Interpretation finished.

--- Finished simpleScope.pas test ---
]]></system-out>
  </testcase>
  <testcase name="testWhileLoop" classname="com.compiler.delphi.DelphiTest" time="0.003">
    <system-out><![CDATA[
--- Testing whileLoop.pas ---
Output from test: 
Interpreting program: WhileLoopTest
1
2.0
3.0
4.0
5.0
Interpretation finished.

--- Finished whileLoop.pas test ---
Output from test: 
Interpreting program: WhileLoopTest
1
2.0
3.0
4.0
5.0
Interpretation finished.

]]></system-out>
  </testcase>
  <testcase name="testForLoop" classname="com.compiler.delphi.DelphiTest" time="0.002">
    <system-out><![CDATA[
--- Testing forLoop.pas ---
Output from test: 
Interpreting program: ForLoopTest
1
2
3
4
5
Interpretation finished.

--- Finished forLoop.pas test ---
Output from test: 
Interpreting program: ForLoopTest
1
2
3
4
5
Interpretation finished.

]]></system-out>
  </testcase>
  <testcase name="testBreakStatement" classname="com.compiler.delphi.DelphiTest" time="0.002">
    <system-out><![CDATA[
--- Testing breakTest.pas ---
Output from test: 
Interpreting program: BreakTest
1
2
3
4
5
Loop exited with break
Interpretation finished.

--- Finished breakTest.pas test ---
]]></system-out>
  </testcase>
  <testcase name="testContinueStatement" classname="com.compiler.delphi.DelphiTest" time="0.003">
    <system-out><![CDATA[
--- Testing continueTest.pas ---
Output from test: 
Interpreting program: ContinueTest
1
3
5
7
9
Loop completed with continue
Interpretation finished.

--- Finished continueTest.pas test ---
]]></system-out>
  </testcase>
  <testcase name="testRepeatLoop" classname="com.compiler.delphi.DelphiTest" time="0.002">
    <system-out><![CDATA[
--- Testing repeatLoop.pas ---
Output from test: 
Interpreting program: RepeatLoopTest
1
2.0
3.0
4.0
5.0
Interpretation finished.

--- Finished repeatLoop.pas test ---
Output from test: 
Interpreting program: RepeatLoopTest
1
2.0
3.0
4.0
5.0
Interpretation finished.

]]></system-out>
  </testcase>
  <testcase name="testSimpleProcedure" classname="com.compiler.delphi.DelphiTest" time="0.003">
    <failure message="Output should contain &apos;Value is: 5&apos;" type="java.lang.AssertionError"><![CDATA[java.lang.AssertionError: Output should contain 'Value is: 5'
	at org.junit.Assert.fail(Assert.java:89)
	at org.junit.Assert.assertTrue(Assert.java:42)
	at com.compiler.delphi.DelphiTest.testSimpleProcedure(DelphiTest.java:181)
	at java.base/jdk.internal.reflect.DirectMethodHandleAccessor.invoke(DirectMethodHandleAccessor.java:103)
	at java.base/java.lang.reflect.Method.invoke(Method.java:580)
	at org.junit.runners.model.FrameworkMethod$1.runReflectiveCall(FrameworkMethod.java:59)
	at org.junit.internal.runners.model.ReflectiveCallable.run(ReflectiveCallable.java:12)
	at org.junit.runners.model.FrameworkMethod.invokeExplosively(FrameworkMethod.java:56)
	at org.junit.internal.runners.statements.InvokeMethod.evaluate(InvokeMethod.java:17)
	at org.junit.internal.runners.statements.RunBefores.evaluate(RunBefores.java:26)
	at org.junit.internal.runners.statements.RunAfters.evaluate(RunAfters.java:27)
	at org.junit.runners.ParentRunner$3.evaluate(ParentRunner.java:306)
	at org.junit.runners.BlockJUnit4ClassRunner$1.evaluate(BlockJUnit4ClassRunner.java:100)
	at org.junit.runners.ParentRunner.runLeaf(ParentRunner.java:366)
	at org.junit.runners.BlockJUnit4ClassRunner.runChild(BlockJUnit4ClassRunner.java:103)
	at org.junit.runners.BlockJUnit4ClassRunner.runChild(BlockJUnit4ClassRunner.java:63)
	at org.junit.runners.ParentRunner$4.run(ParentRunner.java:331)
	at org.junit.runners.ParentRunner$1.schedule(ParentRunner.java:79)
	at org.junit.runners.ParentRunner.runChildren(ParentRunner.java:329)
	at org.junit.runners.ParentRunner.access$100(ParentRunner.java:66)
	at org.junit.runners.ParentRunner$2.evaluate(ParentRunner.java:293)
	at org.junit.runners.ParentRunner$3.evaluate(ParentRunner.java:306)
	at org.junit.runners.ParentRunner.run(ParentRunner.java:413)
	at org.apache.maven.surefire.junit4.JUnit4Provider.execute(JUnit4Provider.java:316)
	at org.apache.maven.surefire.junit4.JUnit4Provider.executeWithRerun(JUnit4Provider.java:240)
	at org.apache.maven.surefire.junit4.JUnit4Provider.executeTestSet(JUnit4Provider.java:214)
	at org.apache.maven.surefire.junit4.JUnit4Provider.invoke(JUnit4Provider.java:155)
	at org.apache.maven.surefire.booter.ForkedBooter.runSuitesInProcess(ForkedBooter.java:385)
	at org.apache.maven.surefire.booter.ForkedBooter.execute(ForkedBooter.java:162)
	at org.apache.maven.surefire.booter.ForkedBooter.run(ForkedBooter.java:507)
	at org.apache.maven.surefire.booter.ForkedBooter.main(ForkedBooter.java:495)
]]></failure>
    <system-out><![CDATA[
--- Testing simpleProcedure.pas ---
Output from test: 
Interpreting program: SimpleProcedureTest
Value is:  5
Hello from procedure
Procedure completed
Interpretation finished.

--- Finished simpleProcedure.pas test ---
]]></system-out>
  </testcase>
  <testcase name="testSimpleFunction" classname="com.compiler.delphi.DelphiTest" time="0.002">
    <error message="Variable &apos;GetFive&apos; not defined in any accessible scope" type="java.lang.RuntimeException"><![CDATA[java.lang.RuntimeException: Variable 'GetFive' not defined in any accessible scope
	at com.compiler.delphi.DelphiInterpreter.lookupVariable(DelphiInterpreter.java:57)
	at com.compiler.delphi.DelphiInterpreter.visitVariable(DelphiInterpreter.java:797)
	at com.compiler.delphi.DelphiParser$VariableContext.accept(DelphiParser.java:5670)
	at org.antlr.v4.runtime.tree.AbstractParseTreeVisitor.visit(AbstractParseTreeVisitor.java:18)
	at com.compiler.delphi.DelphiInterpreter.visitFactor(DelphiInterpreter.java:767)
	at com.compiler.delphi.DelphiParser$FactorContext.accept(DelphiParser.java:5379)
	at org.antlr.v4.runtime.tree.AbstractParseTreeVisitor.visit(AbstractParseTreeVisitor.java:18)
	at com.compiler.delphi.DelphiInterpreter.visitSignedFactor(DelphiInterpreter.java:744)
	at com.compiler.delphi.DelphiParser$SignedFactorContext.accept(DelphiParser.java:5296)
	at org.antlr.v4.runtime.tree.AbstractParseTreeVisitor.visit(AbstractParseTreeVisitor.java:18)
	at com.compiler.delphi.DelphiInterpreter.visitTerm(DelphiInterpreter.java:686)
	at com.compiler.delphi.DelphiParser$TermContext.accept(DelphiParser.java:5176)
	at org.antlr.v4.runtime.tree.AbstractParseTreeVisitor.visit(AbstractParseTreeVisitor.java:18)
	at com.compiler.delphi.DelphiInterpreter.visitSimpleExpression(DelphiInterpreter.java:630)
	at com.compiler.delphi.DelphiParser$SimpleExpressionContext.accept(DelphiParser.java:5051)
	at org.antlr.v4.runtime.tree.AbstractParseTreeVisitor.visit(AbstractParseTreeVisitor.java:18)
	at com.compiler.delphi.DelphiInterpreter.visitExpression(DelphiInterpreter.java:560)
	at com.compiler.delphi.DelphiParser$ExpressionContext.accept(DelphiParser.java:4926)
	at org.antlr.v4.runtime.tree.AbstractParseTreeVisitor.visit(AbstractParseTreeVisitor.java:18)
	at com.compiler.delphi.DelphiInterpreter.visitAssignmentStatement(DelphiInterpreter.java:266)
	at com.compiler.delphi.DelphiParser$AssignmentStatementContext.accept(DelphiParser.java:3673)
	at org.antlr.v4.runtime.tree.AbstractParseTreeVisitor.visit(AbstractParseTreeVisitor.java:18)
	at com.compiler.delphi.DelphiInterpreter.visitSimpleStatement(DelphiInterpreter.java:246)
	at com.compiler.delphi.DelphiParser$SimpleStatementContext.accept(DelphiParser.java:3583)
	at org.antlr.v4.runtime.tree.AbstractParseTreeVisitor.visit(AbstractParseTreeVisitor.java:18)
	at com.compiler.delphi.DelphiInterpreter.visitUnlabelledStatement(DelphiInterpreter.java:233)
	at com.compiler.delphi.DelphiParser$UnlabelledStatementContext.accept(DelphiParser.java:3495)
	at org.antlr.v4.runtime.tree.AbstractParseTreeVisitor.visit(AbstractParseTreeVisitor.java:18)
	at com.compiler.delphi.DelphiInterpreter.visitStatement(DelphiInterpreter.java:224)
	at com.compiler.delphi.DelphiParser$StatementContext.accept(DelphiParser.java:3414)
	at org.antlr.v4.runtime.tree.AbstractParseTreeVisitor.visit(AbstractParseTreeVisitor.java:18)
	at com.compiler.delphi.DelphiInterpreter.visitCompoundStatement(DelphiInterpreter.java:207)
	at com.compiler.delphi.DelphiParser$CompoundStatementContext.accept(DelphiParser.java:4163)
	at org.antlr.v4.runtime.tree.AbstractParseTreeVisitor.visit(AbstractParseTreeVisitor.java:18)
	at com.compiler.delphi.DelphiInterpreter.visitBlock(DelphiInterpreter.java:135)
	at com.compiler.delphi.DelphiParser$BlockContext.accept(DelphiParser.java:417)
	at org.antlr.v4.runtime.tree.AbstractParseTreeVisitor.visit(AbstractParseTreeVisitor.java:18)
	at com.compiler.delphi.DelphiInterpreter.visitProgram(DelphiInterpreter.java:92)
	at com.compiler.delphi.DelphiParser$ProgramContext.accept(DelphiParser.java:187)
	at org.antlr.v4.runtime.tree.AbstractParseTreeVisitor.visit(AbstractParseTreeVisitor.java:18)
	at com.compiler.delphi.DelphiTest.interpretFile(DelphiTest.java:84)
	at com.compiler.delphi.DelphiTest.runTestAndPrintOutput(DelphiTest.java:234)
	at com.compiler.delphi.DelphiTest.testSimpleFunction(DelphiTest.java:191)
	at java.base/jdk.internal.reflect.DirectMethodHandleAccessor.invoke(DirectMethodHandleAccessor.java:103)
	at java.base/java.lang.reflect.Method.invoke(Method.java:580)
	at org.junit.runners.model.FrameworkMethod$1.runReflectiveCall(FrameworkMethod.java:59)
	at org.junit.internal.runners.model.ReflectiveCallable.run(ReflectiveCallable.java:12)
	at org.junit.runners.model.FrameworkMethod.invokeExplosively(FrameworkMethod.java:56)
	at org.junit.internal.runners.statements.InvokeMethod.evaluate(InvokeMethod.java:17)
	at org.junit.internal.runners.statements.RunBefores.evaluate(RunBefores.java:26)
	at org.junit.internal.runners.statements.RunAfters.evaluate(RunAfters.java:27)
	at org.junit.runners.ParentRunner$3.evaluate(ParentRunner.java:306)
	at org.junit.runners.BlockJUnit4ClassRunner$1.evaluate(BlockJUnit4ClassRunner.java:100)
	at org.junit.runners.ParentRunner.runLeaf(ParentRunner.java:366)
	at org.junit.runners.BlockJUnit4ClassRunner.runChild(BlockJUnit4ClassRunner.java:103)
	at org.junit.runners.BlockJUnit4ClassRunner.runChild(BlockJUnit4ClassRunner.java:63)
	at org.junit.runners.ParentRunner$4.run(ParentRunner.java:331)
	at org.junit.runners.ParentRunner$1.schedule(ParentRunner.java:79)
	at org.junit.runners.ParentRunner.runChildren(ParentRunner.java:329)
	at org.junit.runners.ParentRunner.access$100(ParentRunner.java:66)
	at org.junit.runners.ParentRunner$2.evaluate(ParentRunner.java:293)
	at org.junit.runners.ParentRunner$3.evaluate(ParentRunner.java:306)
	at org.junit.runners.ParentRunner.run(ParentRunner.java:413)
	at org.apache.maven.surefire.junit4.JUnit4Provider.execute(JUnit4Provider.java:316)
	at org.apache.maven.surefire.junit4.JUnit4Provider.executeWithRerun(JUnit4Provider.java:240)
	at org.apache.maven.surefire.junit4.JUnit4Provider.executeTestSet(JUnit4Provider.java:214)
	at org.apache.maven.surefire.junit4.JUnit4Provider.invoke(JUnit4Provider.java:155)
	at org.apache.maven.surefire.booter.ForkedBooter.runSuitesInProcess(ForkedBooter.java:385)
	at org.apache.maven.surefire.booter.ForkedBooter.execute(ForkedBooter.java:162)
	at org.apache.maven.surefire.booter.ForkedBooter.run(ForkedBooter.java:507)
	at org.apache.maven.surefire.booter.ForkedBooter.main(ForkedBooter.java:495)
]]></error>
    <system-out><![CDATA[
--- Testing simpleFunction.pas ---
]]></system-out>
  </testcase>
</testsuite>