<?xml version="1.0" encoding="UTF-8"?>
<testsuite xmlns:xsi="http://www.w3.org/2001/XMLSchema-instance" xsi:noNamespaceSchemaLocation="https://maven.apache.org/surefire/maven-surefire-plugin/xsd/surefire-test-report-3.0.xsd" version="3.0" name="com.compiler.delphi.DelphiTest" time="0.087" tests="4" errors="0" skipped="0" failures="0">
  <properties>
[...]
</properties>
  <testcase name="testSimpleClass" classname="com.compiler.delphi.DelphiTest" time="0.055">
    <system-err><![CDATA[line 8:23 missing '(' at 'newName'
line 8:56 missing ')' at ';'
line 13:26 missing '(' at 'newName'
line 13:59 missing ')' at ';'
line 17:3 extraneous input ';' expecting {'BEGIN', 'CONST', 'FUNCTION', 'LABEL', 'PROCEDURE', 'TYPE', 'VAR', 'CONSTRUCTOR', 'DESTRUCTOR', 'USES', 'IMPLEMENTATION'}
line 21:3 extraneous input ';' expecting {'BEGIN', 'CONST', 'FUNCTION', 'LABEL', 'PROCEDURE', 'TYPE', 'VAR', 'CONSTRUCTOR', 'DESTRUCTOR', 'USES', 'IMPLEMENTATION'}
line 26:3 extraneous input ';' expecting {'BEGIN', 'CONST', 'FUNCTION', 'LABEL', 'PROCEDURE', 'TYPE', 'VAR', 'CONSTRUCTOR', 'DESTRUCTOR', 'USES', 'IMPLEMENTATION'}
line 31:27 mismatched input '(' expecting {'AND', 'DIV', 'END', 'IN', 'MOD', 'OR', '+', '-', '*', '/', ';', '=', '<>', '<', '<=', '>=', '>', '[', '(.', '^', '.'}
line 32:11 mismatched input 'PrintInfo' expecting {'AND', 'DIV', 'END', 'IN', 'MOD', 'OR', '+', '-', '*', '/', ';', '=', '<>', '<', '<=', '>=', '>', '[', '(.', '^', '.'}
]]></system-err>
  </testcase>
  <testcase name="testSimpleProgram" classname="com.compiler.delphi.DelphiTest" time="0"/>
  <testcase name="testComplexFeatures" classname="com.compiler.delphi.DelphiTest" time="0.004">
    <system-err><![CDATA[line 7:0 extraneous input 'class' expecting {'BEGIN', 'CONST', 'FUNCTION', 'LABEL', 'PROCEDURE', 'TYPE', 'VAR', 'CONSTRUCTOR', 'DESTRUCTOR', 'USES', 'IMPLEMENTATION'}
line 12:22 mismatched input ';' expecting {'BEGIN', 'CONST', 'FUNCTION', 'LABEL', 'PROCEDURE', 'TYPE', 'VAR', 'CONSTRUCTOR', 'DESTRUCTOR', 'USES', 'IMPLEMENTATION', IDENT}
line 15:0 mismatched input 'end' expecting {'BEGIN', 'CONST', 'FUNCTION', 'LABEL', 'PROCEDURE', 'TYPE', 'VAR', 'CONSTRUCTOR', 'DESTRUCTOR', 'USES', 'IMPLEMENTATION'}
line 20:3 extraneous input ';' expecting {'BEGIN', 'CONST', 'FUNCTION', 'LABEL', 'PROCEDURE', 'TYPE', 'VAR', 'CONSTRUCTOR', 'DESTRUCTOR', 'USES', 'IMPLEMENTATION'}
line 22:0 no viable alternative at input 'procedure'
line 22:30 missing '(' at 'value'
line 22:45 missing ')' at ';'
line 29:3 extraneous input ';' expecting {'BEGIN', 'CONST', 'FUNCTION', 'LABEL', 'PROCEDURE', 'TYPE', 'VAR', 'CONSTRUCTOR', 'DESTRUCTOR', 'USES', 'IMPLEMENTATION'}
line 43:3 extraneous input ';' expecting {'BEGIN', 'CONST', 'FUNCTION', 'LABEL', 'PROCEDURE', 'TYPE', 'VAR', 'CONSTRUCTOR', 'DESTRUCTOR', 'USES', 'IMPLEMENTATION'}
line 50:17 missing ':=' at '('
line 51:17 missing ':=' at '('
]]></system-err>
  </testcase>
  <testcase name="testInheritance" classname="com.compiler.delphi.DelphiTest" time="0.003">
    <system-err><![CDATA[line 7:23 missing '(' at 'animalName'
line 7:42 missing ')' at ';'
line 8:25 mismatched input 'virtual' expecting {';', '('}
line 13:33 mismatched input ';' expecting ':'
line 16:26 missing '(' at 'animalName'
line 16:45 missing ')' at ';'
line 19:3 extraneous input ';' expecting {'BEGIN', 'CONST', 'FUNCTION', 'LABEL', 'PROCEDURE', 'TYPE', 'VAR', 'CONSTRUCTOR', 'DESTRUCTOR', 'USES', 'IMPLEMENTATION'}
line 24:3 extraneous input ';' expecting {'BEGIN', 'CONST', 'FUNCTION', 'LABEL', 'PROCEDURE', 'TYPE', 'VAR', 'CONSTRUCTOR', 'DESTRUCTOR', 'USES', 'IMPLEMENTATION'}
line 29:3 extraneous input ';' expecting {'BEGIN', 'CONST', 'FUNCTION', 'LABEL', 'PROCEDURE', 'TYPE', 'VAR', 'CONSTRUCTOR', 'DESTRUCTOR', 'USES', 'IMPLEMENTATION'}
line 34:23 mismatched input '(' expecting {'AND', 'DIV', 'END', 'IN', 'MOD', 'OR', '+', '-', '*', '/', ';', '=', '<>', '<', '<=', '>=', '>', '[', '(.', '^', '.'}
line 35:10 mismatched input 'MakeSound' expecting {'AND', 'DIV', 'END', 'IN', 'MOD', 'OR', '+', '-', '*', '/', ';', '=', '<>', '<', '<=', '>=', '>', '[', '(.', '^', '.'}
]]></system-err>
  </testcase>
</testsuite>